2021-04-16 11:38:24      "Type:forward \t Controller:Admin \t Action:index"
2021-04-16 11:38:26      "Type:forward \t Controller:Admin \t Action:my_articles"
2021-04-16 11:38:31      "Type:forward \t Controller:Admin \t Action:my_comments"
2021-04-16 11:44:04      "Type:forward \t Controller:Super \t Action:all_users"
2021-04-16 11:44:07      "Type:forward \t Controller:Super \t Action:all_articles"
2021-04-16 11:44:34      "Type:forward \t Controller:Super \t Action:all_articles"
2021-04-16 11:50:34      "Type:forward \t Controller:Super \t Action:all_articles"
2021-04-16 11:51:12      "Type:forward \t Controller:Super \t Action:all_articles"
2021-04-16 11:51:18      "Type:forward \t Controller:Super \t Action:all_articles"
2021-04-16 11:51:30      "Type:forward \t Controller:Super \t Action:all_articles"
2021-04-16 11:54:21      "Type:forward \t Controller:Super \t Action:all_articles"
2021-04-16 11:54:28      "Type:forward \t Controller:Super \t Action:all_articles"
2021-04-16 11:54:54      "Type:forward \t Controller:Super \t Action:all_users"
2021-04-16 11:54:55      "Type:forward \t Controller:Super \t Action:all_articles"
2021-04-16 11:54:57      "Type:forward \t Controller:Super \t Action:all_users"
2021-04-16 11:55:13      "Type:forward \t Controller:Super \t Action:all_users"
2021-04-16 11:55:37      "Type:forward \t Controller:Super \t Action:all_users"
2021-04-16 11:56:08      "Type:forward \t Controller:Super \t Action:all_users"
2021-04-16 11:56:26      "Type:forward \t Controller:Super \t Action:all_users"
2021-04-16 11:56:42      "Type:forward \t Controller:Super \t Action:all_users"
2021-04-16 11:56:54      "Type:forward \t Controller:Super \t Action:all_users"
2021-04-16 11:57:01      "Type:forward \t Controller:Super \t Action:all_users"
2021-04-16 11:57:48      "Type:forward \t Controller:Super \t Action:all_users"
2021-04-16 11:58:34      "Type:forward \t Controller:Super \t Action:all_users"
