2021-04-16 15:11:43      "Type:forward \t Controller:Index \t Action:index"
2021-04-16 15:11:47      "Type:forward \t Controller:Admin \t Action:index"
2021-04-16 15:16:15      "Type:forward \t Controller:Admin \t Action:index"
2021-04-16 15:16:22      "Type:forward \t Controller:Super \t Action:all_users"
2021-04-16 15:16:26      "Type:forward \t Controller:Super \t Action:all_articles"
2021-04-16 15:16:28      "Type:forward \t Controller:Admin \t Action:my_articles"
2021-04-16 15:16:30      "Type:forward \t Controller:Admin \t Action:index"
2021-04-16 15:16:31      "Type:forward \t Controller:Admin \t Action:my_articles"
2021-04-16 15:16:41      "Type:forward \t Controller:Super \t Action:all_articles"
2021-04-16 15:16:42      "Type:forward \t Controller:Admin \t Action:index"
2021-04-16 15:16:45      "Type:forward \t Controller:Admin \t Action:my_articles"
2021-04-16 15:16:46      "Type:forward \t Controller:Admin \t Action:my_comments"
2021-04-16 15:16:52      "Type:forward \t Controller:Index \t Action:index"
2021-04-16 15:16:57      "Type:forward \t Controller:Admin \t Action:my_articles"
2021-04-16 15:17:02      "Type:forward \t Controller:Admin \t Action:my_comments"
2021-04-16 15:17:06      "Type:forward \t Controller:Admin \t Action:my_articles"
2021-04-16 15:17:14      "Type:forward \t Controller:Index \t Action:index"
2021-04-16 15:17:16      "Type:forward \t Controller:Index \t Action:index"
2021-04-16 15:17:23      "Type:forward \t Controller:Index \t Action:index"
2021-04-16 15:17:28      "Type:forward \t Controller:Index \t Action:index"
2021-04-16 15:18:46      "Type:forward \t Controller:Index \t Action:index"
2021-04-16 15:18:51      "Type:forward \t Controller:Index \t Action:index"
2021-04-16 15:18:57      "Type:forward \t Controller:Index \t Action:index"
2021-04-16 15:20:05      "Type:forward \t Controller:Index \t Action:index"
2021-04-16 15:20:07      "Type:forward \t Controller:Index \t Action:article"
2021-04-16 15:20:07      "Type:forward \t Controller:Index \t Action:captcha"
2021-04-16 15:20:12      "Type:forward \t Controller:Admin \t Action:index"
2021-04-16 15:20:14      "Type:forward \t Controller:Admin \t Action:my_articles"
2021-04-16 15:20:16      "Type:forward \t Controller:Admin \t Action:my_comments"
2021-04-16 15:20:18      "Type:forward \t Controller:Index \t Action:article"
2021-04-16 15:20:18      "Type:forward \t Controller:Index \t Action:captcha"
2021-04-16 15:20:27      "Type:forward \t Controller:Index \t Action:index"
